<?xml version="1.0" encoding="UTF-8"?>
<testng-results skipped="0" failed="0" ignored="0" total="1" passed="1">
  <reporter-output>
    <line>
      <![CDATA[Browser launched]]>
    </line>
  </reporter-output>
  <suite name="Testing" duration-ms="15235" started-at="2019-11-26T03:32:18Z" finished-at="2019-11-26T03:32:33Z">
    <groups>
    </groups>
    <test name="SampleTestcase_1" duration-ms="15235" started-at="2019-11-26T03:32:18Z" finished-at="2019-11-26T03:32:33Z">
      <class name="com.automation.testcase.SampleTestcase_1">
        <test-method status="PASS" signature="setup(org.testng.ITestContext)[pri:0, instance:com.automation.testcase.SampleTestcase_1@6a41eaa2]" name="setup" is-config="true" duration-ms="62" started-at="2019-11-26T03:32:18Z" finished-at="2019-11-26T03:32:18Z">
          <params>
            <param index="0">
              <value>
                <![CDATA[org.testng.TestRunner@2a17b7b6]]>
              </value>
            </param>
          </params>
          <reporter-output>
          </reporter-output>
        </test-method> <!-- setup -->
        <test-method status="PASS" signature="test(org.testng.ITestContext)[pri:0, instance:com.automation.testcase.SampleTestcase_1@6a41eaa2]" name="test" duration-ms="15139" started-at="2019-11-26T03:32:18Z" finished-at="2019-11-26T03:32:33Z">
          <params>
            <param index="0">
              <value>
                <![CDATA[org.testng.TestRunner@2a17b7b6]]>
              </value>
            </param>
          </params>
          <reporter-output>
            <line>
              <![CDATA[Browser launched]]>
            </line>
          </reporter-output>
        </test-method> <!-- test -->
        <test-method status="PASS" signature="tearDown()[pri:0, instance:com.automation.testcase.SampleTestcase_1@6a41eaa2]" name="tearDown" is-config="true" duration-ms="0" started-at="2019-11-26T03:32:33Z" finished-at="2019-11-26T03:32:33Z">
          <reporter-output>
          </reporter-output>
        </test-method> <!-- tearDown -->
      </class> <!-- com.automation.testcase.SampleTestcase_1 -->
    </test> <!-- SampleTestcase_1 -->
  </suite> <!-- Testing -->
</testng-results>
